<?xml version="1.0" encoding="UTF-8"?>
<!-- Generated by org.testng.reporters.JUnitReportReporter -->
<testsuite skipped="0" hostname="Terrys-MacBook-Pro.local" name="com.api.cases.Login" tests="9" failures="0" timestamp="2020-03-05T03:12:36 CST" time="2.680" errors="0">
  <testcase name="test03" time="0.167" classname="com.api.cases.Login"/>
  <system-out/>
  <testcase name="test06" time="0.153" classname="com.api.cases.Login"/>
  <system-out/>
  <testcase name="test01" time="1.310" classname="com.api.cases.Login"/>
  <system-out/>
  <testcase name="test02" time="0.157" classname="com.api.cases.Login"/>
  <system-out/>
  <testcase name="test05" time="0.182" classname="com.api.cases.Login"/>
  <system-out/>
  <testcase name="test04" time="0.194" classname="com.api.cases.Login"/>
  <system-out/>
  <testcase name="test07" time="0.162" classname="com.api.cases.Login"/>
  <system-out/>
  <testcase name="test09" time="0.155" classname="com.api.cases.Login"/>
  <system-out/>
  <testcase name="test08" time="0.200" classname="com.api.cases.Login"/>
  <system-out/>
</testsuite> <!-- com.api.cases.Login -->
